C51 COMPILER V9.50a   RELAY                                                                07/17/2017 17:31:02 PAGE 1   


C51 COMPILER V9.50a, COMPILATION OF MODULE RELAY
OBJECT MODULE PLACED IN RELAY.OBJ
COMPILER INVOKED BY: D:\Keil\C51\BIN\C51.EXE RELAY.c LARGE OPTIMIZE(7,SPEED) BROWSE DEBUG OBJECTEXTEND TABS(2)

line level    source

   1          /*****************************************************************
   2                                     RELAY.C  file
   3          
   4          主要功能：负责继电器模块的控制及初始化
   5          
   6          创建时间：2015.10.31
   7          *****************************************************************/
   8          /*--------------------------------------------------------------*/
   9          /*---------------------------头文件-----------------------------*/
  10          /*--------------------------------------------------------------*/
  11          #include <STC89C5xRC.h>
  12          #include "intrins.h"
  13          #include "RELAY.h"
  14          #include "DELAY.h"
  15          #include "CONFIG.h"
  16          
  17          /*--------------------------------------------------------------*/
  18          
  19          
  20          
  21          /*--------------------------------------------------------------*/
  22          /*-------------------------全局变量定义-------------------------*/
  23          /*--------------------------------------------------------------*/
  24          bit Relay_Check_Flag;                 //继电器状态检测标志位
  25          bit Relay_On_Flag;
  26          bit Relay_Off_Flag;
  27          bit Relay1_Act_Flag,Relay2_Act_Flag,Relay3_Act_Flag,Relay4_Act_Flag;                    //继电器输出状态动作标志位
  28          bit  Relay_Flag;                                      //继电器动作标志位
  29          unsigned char Relay_Value;                            //继电器控制值
  30          unsigned char Relay_Value1;                           //继电器控制值备份
  31          unsigned char Which_Relay;
  32          /*--------------------------------------------------------------*/
  33          /*--------------------------------------------------------------*/
  34          /*--------------------------写HCF4094---------------------------*/
  35          /*--------------------------------------------------------------*/
  36          void write4094(unsigned char data1) 
  37          {
  38   1        unsigned char i;       
  39   1        for(i=0;i<8;i++)     //写八位数据进HCF4094;
  40   1        {
  41   2          DATA=(data1<<i)&0x80;
  42   2          CLK=0;       
  43   2          delayus(30);
  44   2          CLK=1;
  45   2          delayus(30);
  46   2        }
  47   1          STR=0;      
  48   1          delayus(20);
  49   1          STR=1;  
  50   1      }
  51          /*--------------------------------------------------------------*/
  52          /*-------------------------继电器初始化-------------------------*/
  53          /*--------------------------------------------------------------*/
  54          void init_relay()
  55          {
C51 COMPILER V9.50a   RELAY                                                                07/17/2017 17:31:02 PAGE 2   

  56   1        Relay_Value=0x00;                                  //关闭所有继电器
  57   1        write4094(Relay_Value);
  58   1        Relay_Value=0x00;
  59   1        Relay_Value1=0x00;                                 //备份值与现有继电器控制值相同
  60   1        Relay_Flag=0;
  61   1        Relay_Check_Flag=1;                                      //无继电器动作
  62   1        Which_Relay=0;
  63   1      }
  64          /*--------------------------------------------------------------*/
  65          
  66          /*--------------------------------------------------------------*/
  67          /*------------------------继电器处理程序------------------------*/
  68          /*--------------------------------------------------------------*/
  69          void relay_handle()
  70          {
  71   1        write4094(Relay_Value);
  72   1        if((Relay_Value&0x01)!=(Relay_Value1&0x01))
  73   1          Relay1_Act_Flag=1;                  //继电器动作标志位
  74   1        else if((Relay_Value&0x02)!=(Relay_Value1&0x02))
  75   1          Relay2_Act_Flag=1;
  76   1        else if((Relay_Value&0x04)!=(Relay_Value1&0x04))
  77   1          Relay3_Act_Flag=1;
  78   1        else if((Relay_Value&0x08)!=(Relay_Value1&0x08))
  79   1          Relay4_Act_Flag=1;  
  80   1        Relay_Flag=1;                                      //继电器反馈报文标志位置1--->>主函数
  81   1      }


MODULE INFORMATION:   STATIC OVERLAYABLE
   CODE SIZE        =    152    ----
   CONSTANT SIZE    =   ----    ----
   XDATA SIZE       =      3    ----
   PDATA SIZE       =   ----    ----
   DATA SIZE        =   ----    ----
   IDATA SIZE       =   ----    ----
   BIT SIZE         =      8    ----
END OF MODULE INFORMATION.


C51 COMPILATION COMPLETE.  0 WARNING(S),  0 ERROR(S)
