C51 COMPILER V9.50a   SOUND_SENOR                                                          12/09/2013 14:01:24 PAGE 1   


C51 COMPILER V9.50a, COMPILATION OF MODULE SOUND_SENOR
OBJECT MODULE PLACED IN SOUND_SENOR.OBJ
COMPILER INVOKED BY: C:\Keil\C51\BIN\C51.EXE SOUND_SENOR.c LARGE OPTIMIZE(7,SPEED) BROWSE DEBUG OBJECTEXTEND TABS(2)

line level    source

   1          #include <STC89C5xRC.h>
   2          
   3          
   4          
   5          
   6          bit     sound_sensor_flag;
   7          
   8          
   9          
  10          
  11          /*--------------------------------------------------------------*/
  12          /*-------------------------外部中断1程序------------------------*/
  13          /*--------------------------------------------------------------*/


MODULE INFORMATION:   STATIC OVERLAYABLE
   CODE SIZE        =   ----    ----
   CONSTANT SIZE    =   ----    ----
   XDATA SIZE       =   ----    ----
   PDATA SIZE       =   ----    ----
   DATA SIZE        =   ----    ----
   IDATA SIZE       =   ----    ----
   BIT SIZE         =      1    ----
END OF MODULE INFORMATION.


C51 COMPILATION COMPLETE.  0 WARNING(S),  0 ERROR(S)
